0 info it worked if it ends with ok
1 verbose cli [
1 verbose cli   'C:\\Program Files\\nodejs\\node.exe',
1 verbose cli   'C:\\Program Files\\nodejs\\node_modules\\npm\\bin\\npm-cli.js',
1 verbose cli   'run',
1 verbose cli   'test',
1 verbose cli   '--no-cache',
1 verbose cli   '--debug'
1 verbose cli ]
2 info using npm@6.14.8
3 info using node@v14.15.1
4 verbose run-script [ 'pretest', 'test', 'posttest' ]
5 info lifecycle redux-starter@1.0.0~pretest: redux-starter@1.0.0
6 info lifecycle redux-starter@1.0.0~test: redux-starter@1.0.0
7 verbose lifecycle redux-starter@1.0.0~test: unsafe-perm in lifecycle true
8 verbose lifecycle redux-starter@1.0.0~test: PATH: C:\Program Files\nodejs\node_modules\npm\node_modules\npm-lifecycle\node-gyp-bin;C:\Users\Julia\Documents\Mosh\Ultimate Redux course\Source Code\redux-starter\node_modules\.bin;C:\Python39\Scripts\;C:\Python39\;C:\Program Files (x86)\Common Files\Oracle\Java\javapath;C:\WINDOWS\system32;C:\WINDOWS;C:\WINDOWS\System32\Wbem;C:\WINDOWS\System32\WindowsPowerShell\v1.0\;C:\WINDOWS\System32\OpenSSH\;C:\Program Files\Git\cmd;C:\ProgramData\chocolatey\bin;C:\Program Files\MongoDB\Server\4.2\bin;C:\Android\Sdk\emulator;C:\Android\Sdk\tools;C:\Android\Sdk\tools\bin;C:\Android\Sdk\platform-tools;C:\Users\Julia\AppData\Roaming\nvm;C:\Program Files\nodejs;C:\Program Files (x86)\Yarn\bin\;C:\Program Files\Docker\Docker\resources\bin;C:\ProgramData\DockerDesktop\version-bin;C:\Program Files\nodejs\;C:\Program Files\MongoDB\Server\4.2\bin;C:\Users\Julia\AppData\Local\Microsoft\WindowsApps;C:\Users\Julia\AppData\Local\Programs\Microsoft VS Code\bin;C:\Program Files\JetBrains\PyCharm Community Edition 2019.3.3\bin;;C:\Program Files\JetBrains\IntelliJ IDEA 2019.3.3\bin;;C:\Program Files\JetBrains\IntelliJ IDEA Community Edition 2019.3.3\bin;;C:\Users\Julia\AppData\Roaming\nvm;C:\Program Files\nodejs;C:\Users\Julia\AppData\Local\Yarn\bin;C:\Users\Julia\AppData\Roaming\npm;C:\Program Files\heroku\bin
9 verbose lifecycle redux-starter@1.0.0~test: CWD: C:\Users\Julia\Documents\Mosh\Ultimate Redux course\Source Code\redux-starter
10 silly lifecycle redux-starter@1.0.0~test: Args: [ '/d /s /c', 'jest --watchAll' ]
11 silly lifecycle redux-starter@1.0.0~test: Returned: code: 1  signal: null
12 info lifecycle redux-starter@1.0.0~test: Failed to exec test script
13 verbose stack Error: redux-starter@1.0.0 test: `jest --watchAll`
13 verbose stack Exit status 1
13 verbose stack     at EventEmitter.<anonymous> (C:\Program Files\nodejs\node_modules\npm\node_modules\npm-lifecycle\index.js:332:16)
13 verbose stack     at EventEmitter.emit (events.js:315:20)
13 verbose stack     at ChildProcess.<anonymous> (C:\Program Files\nodejs\node_modules\npm\node_modules\npm-lifecycle\lib\spawn.js:55:14)
13 verbose stack     at ChildProcess.emit (events.js:315:20)
13 verbose stack     at maybeClose (internal/child_process.js:1048:16)
13 verbose stack     at Process.ChildProcess._handle.onexit (internal/child_process.js:288:5)
14 verbose pkgid redux-starter@1.0.0
15 verbose cwd C:\Users\Julia\Documents\Mosh\Ultimate Redux course\Source Code\redux-starter
16 verbose Windows_NT 10.0.19042
17 verbose argv "C:\\Program Files\\nodejs\\node.exe" "C:\\Program Files\\nodejs\\node_modules\\npm\\bin\\npm-cli.js" "run" "test" "--no-cache" "--debug"
18 verbose node v14.15.1
19 verbose npm  v6.14.8
20 error code ELIFECYCLE
21 error errno 1
22 error redux-starter@1.0.0 test: `jest --watchAll`
22 error Exit status 1
23 error Failed at the redux-starter@1.0.0 test script.
23 error This is probably not a problem with npm. There is likely additional logging output above.
24 verbose exit [ 1, true ]
